Resolving dependencies...
Downloading packages...
* async 2.13.0 (was 2.13.0)
* boolean_selector 2.1.2 (was 2.1.2)
* characters 1.4.1 (was 1.4.1)
* clock 1.1.2 (was 1.1.2)
* collection 1.19.1 (was 1.19.1)
* cupertino_icons 1.0.8 (was 1.0.8)
* fake_async 1.3.3 (was 1.3.3)
* file 7.0.1 (was 7.0.1)
* flutter_lints 6.0.0 (was 6.0.0)
* leak_tracker 11.0.2 (was 11.0.2)
* leak_tracker_flutter_testing 3.0.10 (was 3.0.10)
* leak_tracker_testing 3.0.2 (was 3.0.2)
* lints 6.1.0 (was 6.1.0)
* matcher 0.12.19 (was 0.12.19)
* material_color_utilities 0.13.0 (was 0.13.0)
* meta 1.17.0 (was 1.17.0) (1.18.2 available)
* path 1.9.1 (was 1.9.1)
* platform 3.1.6 (was 3.1.6)
* process 5.0.5 (was 5.0.5)
* source_span 1.10.2 (was 1.10.2)
* stack_trace 1.12.1 (was 1.12.1)
* stream_channel 2.1.4 (was 2.1.4)
* string_scanner 1.4.1 (was 1.4.1)
* sync_http 0.3.1 (was 0.3.1)
* term_glyph 1.2.2 (was 1.2.2)
* test_api 0.7.10 (was 0.7.10) (0.7.11 available)
* vector_math 2.2.0 (was 2.2.0) (2.3.0 available)
* vm_service 15.0.2 (was 15.0.2)
* webdriver 3.1.0 (was 3.1.0)
Changed 29 dependencies!
3 packages have newer versions incompatible with dependency constraints.
Try `flutter pub outdated` for more information.
Checking for wireless devices...

Found 4 devices with name or id matching :
macOS (desktop)            • macos                     • darwin-arm64   • macOS 14.8.4 23J319 darwin-arm64
Chrome (web)               • chrome                    • web-javascript • Google Chrome 146.0.7680.81
iPhone-D4FL79LDV4 (mobile) • 00008120-00027DA61E12601E • ios            • iOS 26.3.1 23D8133

Wirelessly connected devices:
粉色音乐 (wireless) (mobile) • 00008110-001539DA1E04801E • ios • iOS 26.2.1 23C71
