Resolving dependencies...
Downloading packages...
  meta 1.17.0 (1.18.2 available)
  test_api 0.7.10 (0.7.11 available)
  vector_math 2.2.0 (2.3.0 available)
Got dependencies!
3 packages have newer versions incompatible with dependency constraints.
Try `flutter pub outdated` for more information.
Running pod install...                                             446ms
CocoaPods' output:
↳
      CDN: trunk Relative path: CocoaPods-version.yml exists! Returning local because checking is only performed in repo update

Error output from CocoaPods:
↳
        [33mWARNING: CocoaPods requires your terminal to be using UTF-8 encoding.
        Consider adding the following to ~/.profile:

        export LANG=en_US.UTF-8
        [0m
    /opt/homebrew/Cellar/ruby/4.0.2/lib/ruby/4.0.0/unicode_normalize/normalize.rb:153:in 'UnicodeNormalize.normalize': Unicode Normalization not appropriate for ASCII-8BIT (Encoding::CompatibilityError)
    	from /opt/homebrew/Cellar/cocoapods/1.16.2_2/libexec/gems/cocoapods-1.16.2/lib/cocoapods/config.rb:167:in 'String#unicode_normalize'
    	from /opt/homebrew/Cellar/cocoapods/1.16.2_2/libexec/gems/cocoapods-1.16.2/lib/cocoapods/config.rb:167:in 'Pod::Config#installation_root'
    	from /opt/homebrew/Cellar/cocoapods/1.16.2_2/libexec/gems/cocoapods-1.16.2/lib/cocoapods/config.rb:227:in 'Pod::Config#podfile_path'
    	from /opt/homebrew/Cellar/cocoapods/1.16.2_2/libexec/gems/cocoapods-1.16.2/lib/cocoapods/user_interface/error_report.rb:105:in 'Pod::UserInterface::ErrorReport.markdown_podfile'
    	from /opt/homebrew/Cellar/cocoapods/1.16.2_2/libexec/gems/cocoapods-1.16.2/lib/cocoapods/user_interface/error_report.rb:30:in 'Pod::UserInterface::ErrorReport.report'
    	from /opt/homebrew/Cellar/cocoapods/1.16.2_2/libexec/gems/cocoapods-1.16.2/lib/cocoapods/command.rb:66:in 'Pod::Command.report_error'
    	from /opt/homebrew/Cellar/cocoapods/1.16.2_2/libexec/gems/claide-1.1.0/lib/claide/command.rb:396:in 'CLAide::Command.handle_exception'
    	from /opt/homebrew/Cellar/cocoapods/1.16.2_2/libexec/gems/claide-1.1.0/lib/claide/command.rb:337:in 'CLAide::Command.run'
    	from /opt/homebrew/Cellar/cocoapods/1.16.2_2/libexec/gems/cocoapods-1.16.2/lib/cocoapods/command.rb:52:in 'Pod::Command.run'
    	from /opt/homebrew/Cellar/cocoapods/1.16.2_2/libexec/gems/cocoapods-1.16.2/bin/pod:55:in '<top (required)>'
    	from /opt/homebrew/Cellar/ruby/4.0.2/lib/ruby/4.0.0/rubygems.rb:304:in 'Kernel#load'
    	from /opt/homebrew/Cellar/ruby/4.0.2/lib/ruby/4.0.0/rubygems.rb:304:in 'Gem.activate_and_load_bin_path'
    	from /opt/homebrew/Cellar/cocoapods/1.16.2_2/libexec/bin/pod:25:in '<main>'
    /opt/homebrew/Cellar/ruby/4.0.2/lib/ruby/4.0.0/unicode_normalize/normalize.rb:153:in 'UnicodeNormalize.normalize': Unicode Normalization not appropriate for ASCII-8BIT (Encoding::CompatibilityError)
    	from /opt/homebrew/Cellar/cocoapods/1.16.2_2/libexec/gems/cocoapods-1.16.2/lib/cocoapods/config.rb:167:in 'String#unicode_normalize'
    	from /opt/homebrew/Cellar/cocoapods/1.16.2_2/libexec/gems/cocoapods-1.16.2/lib/cocoapods/config.rb:167:in 'Pod::Config#installation_root'
    	from /opt/homebrew/Cellar/cocoapods/1.16.2_2/libexec/gems/cocoapods-1.16.2/lib/cocoapods/config.rb:227:in 'Pod::Config#podfile_path'
    	from /opt/homebrew/Cellar/cocoapods/1.16.2_2/libexec/gems/cocoapods-1.16.2/lib/cocoapods/config.rb:206:in 'Pod::Config#podfile'
    	from /opt/homebrew/Cellar/cocoapods/1.16.2_2/libexec/gems/cocoapods-1.16.2/lib/cocoapods/command.rb:160:in 'Pod::Command#verify_podfile_exists!'
    	from /opt/homebrew/Cellar/cocoapods/1.16.2_2/libexec/gems/cocoapods-1.16.2/lib/cocoapods/command/install.rb:46:in 'Pod::Command::Install#run'
    	from /opt/homebrew/Cellar/cocoapods/1.16.2_2/libexec/gems/claide-1.1.0/lib/claide/command.rb:334:in 'CLAide::Command.run'
    	from /opt/homebrew/Cellar/cocoapods/1.16.2_2/libexec/gems/cocoapods-1.16.2/lib/cocoapods/command.rb:52:in 'Pod::Command.run'
    	from /opt/homebrew/Cellar/cocoapods/1.16.2_2/libexec/gems/cocoapods-1.16.2/bin/pod:55:in '<top (required)>'
    	from /opt/homebrew/Cellar/ruby/4.0.2/lib/ruby/4.0.0/rubygems.rb:304:in 'Kernel#load'
    	from /opt/homebrew/Cellar/ruby/4.0.2/lib/ruby/4.0.0/rubygems.rb:304:in 'Gem.activate_and_load_bin_path'
    	from /opt/homebrew/Cellar/cocoapods/1.16.2_2/libexec/bin/pod:25:in '<main>'

